<?xml version="1.0" encoding="UTF-8"?>
<testsuite xmlns:xsi="http://www.w3.org/2001/XMLSchema-instance" xsi:noNamespaceSchemaLocation="https://maven.apache.org/surefire/maven-surefire-plugin/xsd/surefire-test-report-3.0.xsd" version="3.0" name="dk.sdu.mmmi.cbse.ApplicationITest" time="1.25" tests="1" errors="1" skipped="0" failures="0">
  <properties>
    <property name="sun.desktop" value="windows"/>
    <property name="awt.toolkit" value="sun.awt.windows.WToolkit"/>
    <property name="java.specification.version" value="1.8"/>
    <property name="file.encoding.pkg" value="sun.io"/>
    <property name="sun.cpu.isalist" value="amd64"/>
    <property name="sun.jnu.encoding" value="Cp1252"/>
    <property name="java.class.path" value="C:\Users\Troel\Documents\GitProjects\Uddannelse\Semester - 4\Semester Project\Sempro4\OSGiTest\target\test-classes;C:\Users\Troel\Documents\GitProjects\Uddannelse\Semester - 4\Semester Project\Sempro4\OSGiTest\target\classes;C:\Users\Troel\.m2\repository\org\osgi\osgi.core\8.0.0\osgi.core-8.0.0.jar;C:\Users\Troel\.m2\repository\org\osgi\org.osgi.compendium\4.3.0\org.osgi.compendium-4.3.0.jar;C:\Users\Troel\Documents\GitProjects\Uddannelse\Semester - 4\Semester Project\Sempro4\OSGiCommon\target\OSGiCommon-1.0-SNAPSHOT.jar;C:\Users\Troel\Documents\GitProjects\Uddannelse\Semester - 4\Semester Project\Sempro4\OSGiLibGDX\target\OSGiLibGDX-1.0-SNAPSHOT.jar;C:\Users\Troel\.m2\repository\com\badlogicgames\gdx\gdx-platform\1.5.0\gdx-platform-1.5.0.jar;C:\Users\Troel\.m2\repository\com\badlogicgames\gdx\gdx-backend-lwjgl\1.5.0\gdx-backend-lwjgl-1.5.0.jar;C:\Users\Troel\.m2\repository\org\lwjgl\lwjgl\lwjgl\2.9.1\lwjgl-2.9.1.jar;C:\Users\Troel\.m2\repository\org\lwjgl\lwjgl\lwjgl-platform\2.9.1\lwjgl-platform-2.9.1-natives-windows.jar;C:\Users\Troel\.m2\repository\org\lwjgl\lwjgl\lwjgl-platform\2.9.1\lwjgl-platform-2.9.1-natives-linux.jar;C:\Users\Troel\.m2\repository\org\lwjgl\lwjgl\lwjgl-platform\2.9.1\lwjgl-platform-2.9.1-natives-osx.jar;C:\Users\Troel\.m2\repository\net\java\jinput\jinput\2.0.5\jinput-2.0.5.jar;C:\Users\Troel\.m2\repository\net\java\jutils\jutils\1.0.0\jutils-1.0.0.jar;C:\Users\Troel\.m2\repository\net\java\jinput\jinput-platform\2.0.5\jinput-platform-2.0.5-natives-linux.jar;C:\Users\Troel\.m2\repository\net\java\jinput\jinput-platform\2.0.5\jinput-platform-2.0.5-natives-windows.jar;C:\Users\Troel\.m2\repository\net\java\jinput\jinput-platform\2.0.5\jinput-platform-2.0.5-natives-osx.jar;C:\Users\Troel\.m2\repository\org\lwjgl\lwjgl\lwjgl_util\2.9.1\lwjgl_util-2.9.1.jar;C:\Users\Troel\.m2\repository\com\badlogicgames\jlayer\jlayer\1.0.1-gdx\jlayer-1.0.1-gdx.jar;C:\Users\Troel\.m2\repository\org\jcraft\jorbis\0.0.17\jorbis-0.0.17.jar;C:\Users\Troel\.m2\repository\com\badlogicgames\gdx\gdx-box2d\1.5.0\gdx-box2d-1.5.0.jar;C:\Users\Troel\.m2\repository\com\badlogicgames\gdx\gdx-freetype\1.5.0\gdx-freetype-1.5.0.jar;C:\Users\Troel\.m2\repository\com\badlogicgames\gdx\gdx-platform\1.5.0\gdx-platform-1.5.0-natives-desktop.jar;C:\Users\Troel\.m2\repository\com\badlogicgames\gdx\gdx-box2d-platform\1.5.0\gdx-box2d-platform-1.5.0-natives-desktop.jar;C:\Users\Troel\.m2\repository\com\badlogicgames\gdx\gdx-freetype-platform\1.5.0\gdx-freetype-platform-1.5.0-natives-desktop.jar;C:\Users\Troel\.m2\repository\com\badlogicgames\gdx\gdx-jnigen\1.5.0\gdx-jnigen-1.5.0.jar;C:\Users\Troel\.m2\repository\com\google\code\javaparser\javaparser\1.0.8\javaparser-1.0.8.jar;C:\Users\Troel\.m2\repository\com\diffplug\osgi\com.diffplug.osgi.extension.sun.misc\0.0.0\com.diffplug.osgi.extension.sun.misc-0.0.0.jar;C:\Users\Troel\.m2\repository\com\diffplug\osgi\com.diffplug.osgi.extension.sun.reflect\0.0.0\com.diffplug.osgi.extension.sun.reflect-0.0.0.jar;C:\Users\Troel\.m2\repository\org\apache\felix\org.apache.felix.scr\1.8.0\org.apache.felix.scr-1.8.0.jar;C:\Users\Troel\Documents\GitProjects\Uddannelse\Semester - 4\Semester Project\Sempro4\OSGiProjectile\target\OSGiProjectile-1.0-SNAPSHOT.jar;C:\Users\Troel\.m2\repository\com\badlogicgames\gdx\gdx\1.5.0\gdx-1.5.0.jar;C:\Users\Troel\Documents\GitProjects\Uddannelse\Semester - 4\Semester Project\Sempro4\OSGiCommonProjectile\target\OSGiCommonProjectile-1.0-SNAPSHOT.jar;C:\Users\Troel\Documents\GitProjects\Uddannelse\Semester - 4\Semester Project\Sempro4\OSGiCommonEnemy\target\OSGiCommonEnemy-1.0-SNAPSHOT.jar;C:\Users\Troel\Documents\GitProjects\Uddannelse\Semester - 4\Semester Project\Sempro4\OSGiEnemy\target\OSGiEnemy-1.0-SNAPSHOT.jar;C:\Users\Troel\Documents\GitProjects\Uddannelse\Semester - 4\Semester Project\Sempro4\OSGiCommonPlayer\target\OSGiCommonPlayer-1.0-SNAPSHOT.jar;C:\Users\Troel\Documents\GitProjects\Uddannelse\Semester - 4\Semester Project\Sempro4\OSGiCommonMap\target\OSGiCommonMap-1.0-SNAPSHOT.jar;C:\Users\Troel\.m2\repository\junit\junit\4.13.2\junit-4.13.2.jar;C:\Users\Troel\.m2\repository\org\hamcrest\hamcrest-core\1.3\hamcrest-core-1.3.jar;C:\Users\Troel\.m2\repository\org\mockito\mockito-core\4.5.1\mockito-core-4.5.1.jar;C:\Users\Troel\.m2\repository\net\bytebuddy\byte-buddy\1.12.9\byte-buddy-1.12.9.jar;C:\Users\Troel\.m2\repository\net\bytebuddy\byte-buddy-agent\1.12.9\byte-buddy-agent-1.12.9.jar;C:\Users\Troel\.m2\repository\org\objenesis\objenesis\3.2\objenesis-3.2.jar;C:\Users\Troel\.m2\repository\org\mockito\mockito-junit-jupiter\4.5.1\mockito-junit-jupiter-4.5.1.jar;C:\Users\Troel\.m2\repository\org\junit\jupiter\junit-jupiter-api\5.8.2\junit-jupiter-api-5.8.2.jar;C:\Users\Troel\.m2\repository\org\opentest4j\opentest4j\1.2.0\opentest4j-1.2.0.jar;C:\Users\Troel\.m2\repository\org\junit\platform\junit-platform-commons\1.8.2\junit-platform-commons-1.8.2.jar;C:\Users\Troel\.m2\repository\org\apiguardian\apiguardian-api\1.1.2\apiguardian-api-1.1.2.jar;C:\Users\Troel\.m2\repository\org\ops4j\pax\exam\pax-exam-junit4\4.13.5\pax-exam-junit4-4.13.5.jar;C:\Users\Troel\.m2\repository\org\ops4j\pax\exam\pax-exam-spi\4.13.5\pax-exam-spi-4.13.5.jar;C:\Users\Troel\.m2\repository\org\ops4j\base\ops4j-base-spi\1.5.1\ops4j-base-spi-1.5.1.jar;C:\Users\Troel\.m2\repository\org\slf4j\slf4j-api\1.7.25\slf4j-api-1.7.25.jar;C:\Users\Troel\.m2\repository\org\ops4j\pax\tinybundles\tinybundles\2.1.1\tinybundles-2.1.1.jar;C:\Users\Troel\.m2\repository\biz\aQute\bnd\bndlib\2.4.0\bndlib-2.4.0.jar;C:\Users\Troel\.m2\repository\org\ops4j\base\ops4j-base-lang\1.5.1\ops4j-base-lang-1.5.1.jar;C:\Users\Troel\.m2\repository\org\ops4j\pax\exam\pax-exam\4.13.5\pax-exam-4.13.5.jar;C:\Users\Troel\.m2\repository\org\ops4j\base\ops4j-base-exec\1.5.1\ops4j-base-exec-1.5.1.jar;C:\Users\Troel\.m2\repository\org\ops4j\base\ops4j-base-io\1.5.1\ops4j-base-io-1.5.1.jar;C:\Users\Troel\.m2\repository\org\ops4j\base\ops4j-base-monitors\1.5.1\ops4j-base-monitors-1.5.1.jar;C:\Users\Troel\.m2\repository\org\ops4j\base\ops4j-base-store\1.5.1\ops4j-base-store-1.5.1.jar;C:\Users\Troel\.m2\repository\org\ops4j\base\ops4j-base-util-property\1.5.1\ops4j-base-util-property-1.5.1.jar;C:\Users\Troel\.m2\repository\javax\inject\javax.inject\1\javax.inject-1.jar;C:\Users\Troel\.m2\repository\org\ops4j\pax\exam\pax-exam-container-native\4.13.5\pax-exam-container-native-4.13.5.jar;C:\Users\Troel\.m2\repository\org\ops4j\pax\swissbox\pax-swissbox-core\1.8.4\pax-swissbox-core-1.8.4.jar;C:\Users\Troel\.m2\repository\org\ops4j\pax\swissbox\pax-swissbox-lifecycle\1.8.4\pax-swissbox-lifecycle-1.8.4.jar;C:\Users\Troel\.m2\repository\org\ops4j\pax\swissbox\pax-swissbox-tracker\1.8.4\pax-swissbox-tracker-1.8.4.jar;C:\Users\Troel\.m2\repository\org\ops4j\base\ops4j-base-net\1.5.1\ops4j-base-net-1.5.1.jar;C:\Users\Troel\.m2\repository\org\ops4j\pax\url\pax-url-link\2.6.8\pax-url-link-2.6.8.jar;C:\Users\Troel\.m2\repository\org\ops4j\pax\url\pax-url-commons\2.6.8\pax-url-commons-2.6.8.jar;C:\Users\Troel\.m2\repository\org\ops4j\pax\url\pax-url-classpath\2.6.8\pax-url-classpath-2.6.8.jar;C:\Users\Troel\.m2\repository\org\ops4j\pax\swissbox\pax-swissbox-property\1.8.4\pax-swissbox-property-1.8.4.jar;C:\Users\Troel\.m2\repository\org\ops4j\pax\exam\pax-exam-link-mvn\4.13.5\pax-exam-link-mvn-4.13.5.jar;C:\Users\Troel\.m2\repository\org\ops4j\pax\url\pax-url-aether\2.6.8\pax-url-aether-2.6.8.jar;C:\Users\Troel\.m2\repository\org\ops4j\pax\url\pax-url-aether-support\2.6.8\pax-url-aether-support-2.6.8.jar;C:\Users\Troel\.m2\repository\org\apache\maven\resolver\maven-resolver-impl\1.3.1\maven-resolver-impl-1.3.1.jar;C:\Users\Troel\.m2\repository\org\apache\maven\resolver\maven-resolver-api\1.3.1\maven-resolver-api-1.3.1.jar;C:\Users\Troel\.m2\repository\org\apache\maven\resolver\maven-resolver-spi\1.3.1\maven-resolver-spi-1.3.1.jar;C:\Users\Troel\.m2\repository\org\apache\maven\resolver\maven-resolver-util\1.3.1\maven-resolver-util-1.3.1.jar;C:\Users\Troel\.m2\repository\org\slf4j\jcl-over-slf4j\1.6.6\jcl-over-slf4j-1.6.6.jar;C:\Users\Troel\.m2\repository\org\apache\logging\log4j\log4j-core\2.17.2\log4j-core-2.17.2.jar;C:\Users\Troel\.m2\repository\org\apache\logging\log4j\log4j-api\2.17.2\log4j-api-2.17.2.jar;C:\Users\Troel\.m2\repository\org\apache\felix\org.apache.felix.framework\7.0.3\org.apache.felix.framework-7.0.3.jar;C:\Users\Troel\.m2\repository\org\codehaus\mojo\animal-sniffer-annotations\1.9\animal-sniffer-annotations-1.9.jar;C:\Users\Troel\.m2\repository\org\osgi\org.osgi.core\4.3.0\org.osgi.core-4.3.0.jar;"/>
    <property name="java.vm.vendor" value="Temurin"/>
    <property name="sun.arch.data.model" value="64"/>
    <property name="user.variant" value=""/>
    <property name="pax.exam.service.timeout" value="10000"/>
    <property name="java.vendor.url" value="https://adoptium.net/"/>
    <property name="user.timezone" value="Europe/Paris"/>
    <property name="java.vm.specification.version" value="1.8"/>
    <property name="os.name" value="Windows 10"/>
    <property name="user.country" value="DK"/>
    <property name="sun.java.launcher" value="SUN_STANDARD"/>
    <property name="sun.boot.library.path" value="C:\Java\jdk-8\jre\bin"/>
    <property name="sun.java.command" value="C:\Users\Troel\AppData\Local\Temp\surefire6367305636424449495\surefirebooter8894443688338665347.jar C:\Users\Troel\AppData\Local\Temp\surefire6367305636424449495 2022-05-17T13-00-24_559-jvmRun1 surefire4683232499469003068tmp surefire_65961050910010939032tmp"/>
    <property name="surefire.test.class.path" value="C:\Users\Troel\Documents\GitProjects\Uddannelse\Semester - 4\Semester Project\Sempro4\OSGiTest\target\test-classes;C:\Users\Troel\Documents\GitProjects\Uddannelse\Semester - 4\Semester Project\Sempro4\OSGiTest\target\classes;C:\Users\Troel\.m2\repository\org\osgi\osgi.core\8.0.0\osgi.core-8.0.0.jar;C:\Users\Troel\.m2\repository\org\osgi\org.osgi.compendium\4.3.0\org.osgi.compendium-4.3.0.jar;C:\Users\Troel\Documents\GitProjects\Uddannelse\Semester - 4\Semester Project\Sempro4\OSGiCommon\target\OSGiCommon-1.0-SNAPSHOT.jar;C:\Users\Troel\Documents\GitProjects\Uddannelse\Semester - 4\Semester Project\Sempro4\OSGiLibGDX\target\OSGiLibGDX-1.0-SNAPSHOT.jar;C:\Users\Troel\.m2\repository\com\badlogicgames\gdx\gdx-platform\1.5.0\gdx-platform-1.5.0.jar;C:\Users\Troel\.m2\repository\com\badlogicgames\gdx\gdx-backend-lwjgl\1.5.0\gdx-backend-lwjgl-1.5.0.jar;C:\Users\Troel\.m2\repository\org\lwjgl\lwjgl\lwjgl\2.9.1\lwjgl-2.9.1.jar;C:\Users\Troel\.m2\repository\org\lwjgl\lwjgl\lwjgl-platform\2.9.1\lwjgl-platform-2.9.1-natives-windows.jar;C:\Users\Troel\.m2\repository\org\lwjgl\lwjgl\lwjgl-platform\2.9.1\lwjgl-platform-2.9.1-natives-linux.jar;C:\Users\Troel\.m2\repository\org\lwjgl\lwjgl\lwjgl-platform\2.9.1\lwjgl-platform-2.9.1-natives-osx.jar;C:\Users\Troel\.m2\repository\net\java\jinput\jinput\2.0.5\jinput-2.0.5.jar;C:\Users\Troel\.m2\repository\net\java\jutils\jutils\1.0.0\jutils-1.0.0.jar;C:\Users\Troel\.m2\repository\net\java\jinput\jinput-platform\2.0.5\jinput-platform-2.0.5-natives-linux.jar;C:\Users\Troel\.m2\repository\net\java\jinput\jinput-platform\2.0.5\jinput-platform-2.0.5-natives-windows.jar;C:\Users\Troel\.m2\repository\net\java\jinput\jinput-platform\2.0.5\jinput-platform-2.0.5-natives-osx.jar;C:\Users\Troel\.m2\repository\org\lwjgl\lwjgl\lwjgl_util\2.9.1\lwjgl_util-2.9.1.jar;C:\Users\Troel\.m2\repository\com\badlogicgames\jlayer\jlayer\1.0.1-gdx\jlayer-1.0.1-gdx.jar;C:\Users\Troel\.m2\repository\org\jcraft\jorbis\0.0.17\jorbis-0.0.17.jar;C:\Users\Troel\.m2\repository\com\badlogicgames\gdx\gdx-box2d\1.5.0\gdx-box2d-1.5.0.jar;C:\Users\Troel\.m2\repository\com\badlogicgames\gdx\gdx-freetype\1.5.0\gdx-freetype-1.5.0.jar;C:\Users\Troel\.m2\repository\com\badlogicgames\gdx\gdx-platform\1.5.0\gdx-platform-1.5.0-natives-desktop.jar;C:\Users\Troel\.m2\repository\com\badlogicgames\gdx\gdx-box2d-platform\1.5.0\gdx-box2d-platform-1.5.0-natives-desktop.jar;C:\Users\Troel\.m2\repository\com\badlogicgames\gdx\gdx-freetype-platform\1.5.0\gdx-freetype-platform-1.5.0-natives-desktop.jar;C:\Users\Troel\.m2\repository\com\badlogicgames\gdx\gdx-jnigen\1.5.0\gdx-jnigen-1.5.0.jar;C:\Users\Troel\.m2\repository\com\google\code\javaparser\javaparser\1.0.8\javaparser-1.0.8.jar;C:\Users\Troel\.m2\repository\com\diffplug\osgi\com.diffplug.osgi.extension.sun.misc\0.0.0\com.diffplug.osgi.extension.sun.misc-0.0.0.jar;C:\Users\Troel\.m2\repository\com\diffplug\osgi\com.diffplug.osgi.extension.sun.reflect\0.0.0\com.diffplug.osgi.extension.sun.reflect-0.0.0.jar;C:\Users\Troel\.m2\repository\org\apache\felix\org.apache.felix.scr\1.8.0\org.apache.felix.scr-1.8.0.jar;C:\Users\Troel\Documents\GitProjects\Uddannelse\Semester - 4\Semester Project\Sempro4\OSGiProjectile\target\OSGiProjectile-1.0-SNAPSHOT.jar;C:\Users\Troel\.m2\repository\com\badlogicgames\gdx\gdx\1.5.0\gdx-1.5.0.jar;C:\Users\Troel\Documents\GitProjects\Uddannelse\Semester - 4\Semester Project\Sempro4\OSGiCommonProjectile\target\OSGiCommonProjectile-1.0-SNAPSHOT.jar;C:\Users\Troel\Documents\GitProjects\Uddannelse\Semester - 4\Semester Project\Sempro4\OSGiCommonEnemy\target\OSGiCommonEnemy-1.0-SNAPSHOT.jar;C:\Users\Troel\Documents\GitProjects\Uddannelse\Semester - 4\Semester Project\Sempro4\OSGiEnemy\target\OSGiEnemy-1.0-SNAPSHOT.jar;C:\Users\Troel\Documents\GitProjects\Uddannelse\Semester - 4\Semester Project\Sempro4\OSGiCommonPlayer\target\OSGiCommonPlayer-1.0-SNAPSHOT.jar;C:\Users\Troel\Documents\GitProjects\Uddannelse\Semester - 4\Semester Project\Sempro4\OSGiCommonMap\target\OSGiCommonMap-1.0-SNAPSHOT.jar;C:\Users\Troel\.m2\repository\junit\junit\4.13.2\junit-4.13.2.jar;C:\Users\Troel\.m2\repository\org\hamcrest\hamcrest-core\1.3\hamcrest-core-1.3.jar;C:\Users\Troel\.m2\repository\org\mockito\mockito-core\4.5.1\mockito-core-4.5.1.jar;C:\Users\Troel\.m2\repository\net\bytebuddy\byte-buddy\1.12.9\byte-buddy-1.12.9.jar;C:\Users\Troel\.m2\repository\net\bytebuddy\byte-buddy-agent\1.12.9\byte-buddy-agent-1.12.9.jar;C:\Users\Troel\.m2\repository\org\objenesis\objenesis\3.2\objenesis-3.2.jar;C:\Users\Troel\.m2\repository\org\mockito\mockito-junit-jupiter\4.5.1\mockito-junit-jupiter-4.5.1.jar;C:\Users\Troel\.m2\repository\org\junit\jupiter\junit-jupiter-api\5.8.2\junit-jupiter-api-5.8.2.jar;C:\Users\Troel\.m2\repository\org\opentest4j\opentest4j\1.2.0\opentest4j-1.2.0.jar;C:\Users\Troel\.m2\repository\org\junit\platform\junit-platform-commons\1.8.2\junit-platform-commons-1.8.2.jar;C:\Users\Troel\.m2\repository\org\apiguardian\apiguardian-api\1.1.2\apiguardian-api-1.1.2.jar;C:\Users\Troel\.m2\repository\org\ops4j\pax\exam\pax-exam-junit4\4.13.5\pax-exam-junit4-4.13.5.jar;C:\Users\Troel\.m2\repository\org\ops4j\pax\exam\pax-exam-spi\4.13.5\pax-exam-spi-4.13.5.jar;C:\Users\Troel\.m2\repository\org\ops4j\base\ops4j-base-spi\1.5.1\ops4j-base-spi-1.5.1.jar;C:\Users\Troel\.m2\repository\org\slf4j\slf4j-api\1.7.25\slf4j-api-1.7.25.jar;C:\Users\Troel\.m2\repository\org\ops4j\pax\tinybundles\tinybundles\2.1.1\tinybundles-2.1.1.jar;C:\Users\Troel\.m2\repository\biz\aQute\bnd\bndlib\2.4.0\bndlib-2.4.0.jar;C:\Users\Troel\.m2\repository\org\ops4j\base\ops4j-base-lang\1.5.1\ops4j-base-lang-1.5.1.jar;C:\Users\Troel\.m2\repository\org\ops4j\pax\exam\pax-exam\4.13.5\pax-exam-4.13.5.jar;C:\Users\Troel\.m2\repository\org\ops4j\base\ops4j-base-exec\1.5.1\ops4j-base-exec-1.5.1.jar;C:\Users\Troel\.m2\repository\org\ops4j\base\ops4j-base-io\1.5.1\ops4j-base-io-1.5.1.jar;C:\Users\Troel\.m2\repository\org\ops4j\base\ops4j-base-monitors\1.5.1\ops4j-base-monitors-1.5.1.jar;C:\Users\Troel\.m2\repository\org\ops4j\base\ops4j-base-store\1.5.1\ops4j-base-store-1.5.1.jar;C:\Users\Troel\.m2\repository\org\ops4j\base\ops4j-base-util-property\1.5.1\ops4j-base-util-property-1.5.1.jar;C:\Users\Troel\.m2\repository\javax\inject\javax.inject\1\javax.inject-1.jar;C:\Users\Troel\.m2\repository\org\ops4j\pax\exam\pax-exam-container-native\4.13.5\pax-exam-container-native-4.13.5.jar;C:\Users\Troel\.m2\repository\org\ops4j\pax\swissbox\pax-swissbox-core\1.8.4\pax-swissbox-core-1.8.4.jar;C:\Users\Troel\.m2\repository\org\ops4j\pax\swissbox\pax-swissbox-lifecycle\1.8.4\pax-swissbox-lifecycle-1.8.4.jar;C:\Users\Troel\.m2\repository\org\ops4j\pax\swissbox\pax-swissbox-tracker\1.8.4\pax-swissbox-tracker-1.8.4.jar;C:\Users\Troel\.m2\repository\org\ops4j\base\ops4j-base-net\1.5.1\ops4j-base-net-1.5.1.jar;C:\Users\Troel\.m2\repository\org\ops4j\pax\url\pax-url-link\2.6.8\pax-url-link-2.6.8.jar;C:\Users\Troel\.m2\repository\org\ops4j\pax\url\pax-url-commons\2.6.8\pax-url-commons-2.6.8.jar;C:\Users\Troel\.m2\repository\org\ops4j\pax\url\pax-url-classpath\2.6.8\pax-url-classpath-2.6.8.jar;C:\Users\Troel\.m2\repository\org\ops4j\pax\swissbox\pax-swissbox-property\1.8.4\pax-swissbox-property-1.8.4.jar;C:\Users\Troel\.m2\repository\org\ops4j\pax\exam\pax-exam-link-mvn\4.13.5\pax-exam-link-mvn-4.13.5.jar;C:\Users\Troel\.m2\repository\org\ops4j\pax\url\pax-url-aether\2.6.8\pax-url-aether-2.6.8.jar;C:\Users\Troel\.m2\repository\org\ops4j\pax\url\pax-url-aether-support\2.6.8\pax-url-aether-support-2.6.8.jar;C:\Users\Troel\.m2\repository\org\apache\maven\resolver\maven-resolver-impl\1.3.1\maven-resolver-impl-1.3.1.jar;C:\Users\Troel\.m2\repository\org\apache\maven\resolver\maven-resolver-api\1.3.1\maven-resolver-api-1.3.1.jar;C:\Users\Troel\.m2\repository\org\apache\maven\resolver\maven-resolver-spi\1.3.1\maven-resolver-spi-1.3.1.jar;C:\Users\Troel\.m2\repository\org\apache\maven\resolver\maven-resolver-util\1.3.1\maven-resolver-util-1.3.1.jar;C:\Users\Troel\.m2\repository\org\slf4j\jcl-over-slf4j\1.6.6\jcl-over-slf4j-1.6.6.jar;C:\Users\Troel\.m2\repository\org\apache\logging\log4j\log4j-core\2.17.2\log4j-core-2.17.2.jar;C:\Users\Troel\.m2\repository\org\apache\logging\log4j\log4j-api\2.17.2\log4j-api-2.17.2.jar;C:\Users\Troel\.m2\repository\org\apache\felix\org.apache.felix.framework\7.0.3\org.apache.felix.framework-7.0.3.jar;C:\Users\Troel\.m2\repository\org\codehaus\mojo\animal-sniffer-annotations\1.9\animal-sniffer-annotations-1.9.jar;C:\Users\Troel\.m2\repository\org\osgi\org.osgi.core\4.3.0\org.osgi.core-4.3.0.jar;"/>
    <property name="sun.cpu.endian" value="little"/>
    <property name="user.home" value="C:\Users\Troel"/>
    <property name="user.language" value="da"/>
    <property name="java.specification.vendor" value="Oracle Corporation"/>
    <property name="java.home" value="C:\Java\jdk-8\jre"/>
    <property name="basedir" value="C:\Users\Troel\Documents\GitProjects\Uddannelse\Semester - 4\Semester Project\Sempro4\OSGiTest"/>
    <property name="file.separator" value="\"/>
    <property name="line.separator" value="&#10;"/>
    <property name="java.vm.specification.vendor" value="Oracle Corporation"/>
    <property name="java.specification.name" value="Java Platform API Specification"/>
    <property name="java.awt.graphicsenv" value="sun.awt.Win32GraphicsEnvironment"/>
    <property name="surefire.real.class.path" value="C:\Users\Troel\AppData\Local\Temp\surefire6367305636424449495\surefirebooter8894443688338665347.jar"/>
    <property name="sun.boot.class.path" value="C:\Java\jdk-8\jre\lib\resources.jar;C:\Java\jdk-8\jre\lib\rt.jar;C:\Java\jdk-8\jre\lib\sunrsasign.jar;C:\Java\jdk-8\jre\lib\jsse.jar;C:\Java\jdk-8\jre\lib\jce.jar;C:\Java\jdk-8\jre\lib\charsets.jar;C:\Java\jdk-8\jre\lib\jfr.jar;C:\Java\jdk-8\jre\classes"/>
    <property name="user.script" value=""/>
    <property name="java.protocol.handler.pkgs" value="org.ops4j.pax.url"/>
    <property name="sun.management.compiler" value="HotSpot 64-Bit Tiered Compilers"/>
    <property name="java.runtime.version" value="1.8.0_322-b06"/>
    <property name="user.name" value="Troel"/>
    <property name="path.separator" value=";"/>
    <property name="os.version" value="10.0"/>
    <property name="java.endorsed.dirs" value="C:\Java\jdk-8\jre\lib\endorsed"/>
    <property name="java.runtime.name" value="OpenJDK Runtime Environment"/>
    <property name="file.encoding" value="Cp1252"/>
    <property name="java.vm.name" value="OpenJDK 64-Bit Server VM"/>
    <property name="localRepository" value="C:\Users\Troel\.m2\repository"/>
    <property name="java.vendor.url.bug" value="https://github.com/adoptium/adoptium-support/issues"/>
    <property name="java.io.tmpdir" value="C:\Users\Troel\AppData\Local\Temp\"/>
    <property name="java.version" value="1.8.0_322"/>
    <property name="user.dir" value="C:\Users\Troel\Documents\GitProjects\Uddannelse\Semester - 4\Semester Project\Sempro4\OSGiTest"/>
    <property name="os.arch" value="amd64"/>
    <property name="java.vm.specification.name" value="Java Virtual Machine Specification"/>
    <property name="java.awt.printerjob" value="sun.awt.windows.WPrinterJob"/>
    <property name="sun.os.patch.level" value=""/>
    <property name="java.library.path" value="C:\Java\jdk-8\jre\bin;C:\Windows\Sun\Java\bin;C:\Windows\system32;C:\Windows;C:\Java\jdk-8\bin;C:\Java\jdk-11.0.14\bin;C:\Java\jdk-17.0.1;C:\Program Files\Common Files\Oracle\Java\javapath;C:\Program Files (x86)\Common Files\Oracle\Java\javapath;C:\Windows\system32;C:\Windows;C:\Windows\System32\Wbem;C:\Windows\System32\WindowsPowerShell\v1.0\;C:\Windows\System32\OpenSSH\;C:\php;C:\Users\Troel\AppData\Roaming\Microsoft\Windows\Start Menu\Programs\Python 3.9;C:\Users\Troel\AppData\Local\Packages\PythonSoftwareFoundation.Python.3.9_qbz5n2kfra8p0\LocalCache\local-packages\Python39\Scripts;C:\Program Files\Kubernetes\Minikube;C:\Program Files\nodejs\;C:\flutter\bin;C:\Program Files\Android\Android Studio\bin;C:\Maven\apache-maven-3.8.4\bin;C:\Program Files\Docker\Docker\resources\bin;C:\ProgramData\DockerDesktop\version-bin;C:\Program Files\Git\cmd;C:\Users\Troel\AppData\Local\Microsoft\WindowsApps;C:\Users\Troel\AppData\Local\Programs\Microsoft VS Code\bin;C:\Users\Troel\AppData\Roaming\npm;C:\Users\Troel\AppData\Local\GitHubDesktop\bin;C:\Program Files\JetBrains\IntelliJ IDEA Community Edition 2021.3.3\bin;;."/>
    <property name="java.vm.info" value="mixed mode"/>
    <property name="java.vendor" value="Temurin"/>
    <property name="java.vm.version" value="25.322-b06"/>
    <property name="java.ext.dirs" value="C:\Java\jdk-8\jre\lib\ext;C:\Windows\Sun\Java\lib\ext"/>
    <property name="sun.io.unicode.encoding" value="UnicodeLittle"/>
    <property name="java.class.version" value="52.0"/>
  </properties>
  <testcase name="testtt" classname="dk.sdu.mmmi.cbse.ApplicationITest" time="1.219">
    <error type="java.lang.ClassNotFoundException"><![CDATA[java.lang.ClassNotFoundException: dk.sdu.mmmi.cbse.common.services.IEntityProcessingService not found by PAXEXAM-PROBE-b9150ba5-2d8b-4908-b96c-06908c39c62d [14]
	at dk.sdu.mmmi.cbse.ApplicationITest.testtt(ApplicationITest.java:49)
]]></error>
    <system-out><![CDATA[TestProbeBuilder gets called
TestProbeBuilder gets called
[org.ops4j.pax.swissbox.extender.BundleWatcher] : Creating bundle watcher with scanner [org.ops4j.pax.swissbox.extender.BundleManifestScanner@ecee357]...
[org.ops4j.pax.swissbox.extender.BundleWatcher] : Scanning bundle [org.apache.felix.framework]
[org.ops4j.pax.swissbox.extender.BundleWatcher] : Scanning bundle [org.ops4j.pax.exam]
[org.ops4j.pax.swissbox.extender.BundleWatcher] : Scanning bundle [org.ops4j.pax.exam.inject]
[org.ops4j.pax.swissbox.extender.BundleWatcher] : Scanning bundle [org.ops4j.pax.exam.extender.service]
org.ops4j.pax.logging.pax-logging-api[org.ops4j.pax.logging.internal.Activator] : Enabling SLF4J API support.
org.ops4j.pax.logging.pax-logging-api[org.ops4j.pax.logging.internal.Activator] : Enabling Jakarta Commons Logging API support.
org.ops4j.pax.logging.pax-logging-api[org.ops4j.pax.logging.internal.Activator] : Enabling Log4J API support.
org.ops4j.pax.logging.pax-logging-api[org.ops4j.pax.logging.internal.Activator] : Enabling Avalon Logger API support.
org.ops4j.pax.logging.pax-logging-api[org.ops4j.pax.logging.internal.Activator] : Enabling JULI Logger API support.
org.ops4j.pax.logging.pax-logging-api[org.ops4j.pax.logging.internal.Activator] : Enabling Log4J v2 API support. Ignored FQCN: org.apache.logging.log4j.spi.AbstractLogger
org.ops4j.pax.logging.pax-logging-api[org.ops4j.pax.swissbox.extender.BundleWatcher] : Scanning bundle [org.ops4j.pax.logging.pax-logging-api]
org.ops4j.pax.logging.pax-logging-api[org.ops4j.pax.swissbox.extender.BundleWatcher] : Scanning bundle [org.ops4j.base]
org.ops4j.pax.logging.pax-logging-api[org.ops4j.pax.swissbox.extender.BundleWatcher] : Scanning bundle [org.ops4j.pax.swissbox.core]
org.ops4j.pax.logging.pax-logging-api[org.ops4j.pax.swissbox.extender.BundleWatcher] : Scanning bundle [org.ops4j.pax.swissbox.extender]
org.ops4j.pax.logging.pax-logging-api[org.ops4j.pax.swissbox.extender.BundleWatcher] : Scanning bundle [org.ops4j.pax.swissbox.framework]
org.ops4j.pax.logging.pax-logging-api[org.ops4j.pax.swissbox.extender.BundleWatcher] : Scanning bundle [org.ops4j.pax.swissbox.lifecycle]
org.ops4j.pax.logging.pax-logging-api[org.ops4j.pax.swissbox.extender.BundleWatcher] : Scanning bundle [org.ops4j.pax.swissbox.tracker]
org.ops4j.pax.logging.pax-logging-api[org.ops4j.pax.swissbox.extender.BundleWatcher] : Scanning bundle [org.apache.geronimo.specs.geronimo-atinject_1.0_spec]
ERROR: Bundle dk.sdu.mmmi.build.OSGiLibGDX [12] Error starting mvn:dk.sdu.mmmi.build/OSGiLibGDX/1.0-SNAPSHOT (org.osgi.framework.BundleException: Unable to resolve dk.sdu.mmmi.build.OSGiLibGDX [12](R 12.0): missing requirement [dk.sdu.mmmi.build.OSGiLibGDX [12](R 12.0)] osgi.wiring.package; (osgi.wiring.package=sun.misc) Unresolved requirements: [[dk.sdu.mmmi.build.OSGiLibGDX [12](R 12.0)] osgi.wiring.package; (osgi.wiring.package=sun.misc)])
ERROR: Bundle OSGiCommon [13] Error starting mvn:dk.sdu.mmmi.build/OSGiCommon/1.0-SNAPSHOT (org.osgi.framework.BundleException: Unable to resolve OSGiCommon [13](R 13.0): missing requirement [OSGiCommon [13](R 13.0)] osgi.wiring.package; (&(osgi.wiring.package=com.badlogic.gdx.graphics.g2d)(version>=1.0.0)(!(version>=2.0.0))) [caused by: Unable to resolve dk.sdu.mmmi.build.OSGiLibGDX [12](R 12.0): missing requirement [dk.sdu.mmmi.build.OSGiLibGDX [12](R 12.0)] osgi.wiring.package; (osgi.wiring.package=sun.misc)] Unresolved requirements: [[OSGiCommon [13](R 13.0)] osgi.wiring.package; (&(osgi.wiring.package=com.badlogic.gdx.graphics.g2d)(version>=1.0.0)(!(version>=2.0.0)))])
org.ops4j.pax.logging.pax-logging-api[org.ops4j.pax.swissbox.extender.BundleWatcher] : Scanning bundle [PAXEXAM-PROBE-b9150ba5-2d8b-4908-b96c-06908c39c62d]
org.ops4j.pax.logging.pax-logging-api[org.ops4j.pax.swissbox.extender.BundleWatcher] : Found resources [ManifestEntry{ key=PaxExam-Executable, value=PaxExam-d2e56162-475c-4439-b7d7-6b9f2acac4e0, }, ManifestEntry{ key=PaxExam-d2e56162-475c-4439-b7d7-6b9f2acac4e0, value=dk.sdu.mmmi.cbse.ApplicationITest;testtt }]
org.ops4j.pax.exam.extender.service[org.ops4j.pax.exam.raw.extender.intern.Parser] : Use timeout value: 10000
org.ops4j.pax.exam.extender.service[org.ops4j.pax.exam.raw.extender.intern.Parser] : Test PaxExam-Executable to be in PaxExam-d2e56162-475c-4439-b7d7-6b9f2acac4e0,
org.ops4j.pax.exam.extender.service[org.ops4j.pax.exam.raw.extender.intern.Parser] : Test PaxExam-d2e56162-475c-4439-b7d7-6b9f2acac4e0 to be in PaxExam-d2e56162-475c-4439-b7d7-6b9f2acac4e0,
org.ops4j.pax.exam.extender.service[org.ops4j.pax.exam.raw.extender.intern.Parser] : Registering Service: org.ops4j.pax.exam.ProbeInvoker with Probe-Signature="PaxExam-d2e56162-475c-4439-b7d7-6b9f2acac4e0" and expression="dk.sdu.mmmi.cbse.ApplicationITest;testtt"
org.ops4j.pax.swissbox.tracker[org.ops4j.pax.swissbox.tracker.ServiceLookup] : Use timeout value: 10000
BUNDLES
[org.apache.felix.framework [0], org.ops4j.pax.exam [1], org.ops4j.pax.exam.inject [2], org.ops4j.pax.exam.extender.service [3], org.ops4j.pax.logging.pax-logging-api [4], org.ops4j.base [5], org.ops4j.pax.swissbox.core [6], org.ops4j.pax.swissbox.extender [7], org.ops4j.pax.swissbox.framework [8], org.ops4j.pax.swissbox.lifecycle [9], org.ops4j.pax.swissbox.tracker [10], org.apache.geronimo.specs.geronimo-atinject_1.0_spec [11], dk.sdu.mmmi.build.OSGiLibGDX [12], OSGiCommon [13], PAXEXAM-PROBE-b9150ba5-2d8b-4908-b96c-06908c39c62d [14]]
org.ops4j.pax.logging.pax-logging-api[org.ops4j.pax.swissbox.extender.BundleWatcher] : Releasing bundle [PAXEXAM-PROBE-b9150ba5-2d8b-4908-b96c-06908c39c62d]
org.ops4j.pax.logging.pax-logging-api[org.ops4j.pax.swissbox.extender.BundleWatcher] : Un-registering [ManifestEntry{ key=PaxExam-Executable, value=PaxExam-d2e56162-475c-4439-b7d7-6b9f2acac4e0, }, ManifestEntry{ key=PaxExam-d2e56162-475c-4439-b7d7-6b9f2acac4e0, value=dk.sdu.mmmi.cbse.ApplicationITest;testtt }]
org.ops4j.pax.logging.pax-logging-api[org.ops4j.pax.exam.raw.extender.intern.TestBundleObserver] : Unregistered testcase [org.ops4j.pax.exam.raw.extender.intern.Probe@182f87b6.]
org.ops4j.pax.logging.pax-logging-api[org.ops4j.pax.swissbox.extender.BundleWatcher] : Releasing bundle [org.apache.geronimo.specs.geronimo-atinject_1.0_spec]
org.ops4j.pax.logging.pax-logging-api[org.ops4j.pax.swissbox.extender.BundleWatcher] : Releasing bundle [org.ops4j.pax.swissbox.tracker]
org.ops4j.pax.logging.pax-logging-api[org.ops4j.pax.swissbox.extender.BundleWatcher] : Releasing bundle [org.ops4j.pax.swissbox.lifecycle]
org.ops4j.pax.logging.pax-logging-api[org.ops4j.pax.swissbox.extender.BundleWatcher] : Releasing bundle [org.ops4j.pax.swissbox.framework]
org.ops4j.pax.logging.pax-logging-api[org.ops4j.pax.swissbox.extender.BundleWatcher] : Releasing bundle [org.ops4j.pax.swissbox.extender]
org.ops4j.pax.logging.pax-logging-api[org.ops4j.pax.swissbox.extender.BundleWatcher] : Releasing bundle [org.ops4j.pax.swissbox.core]
org.ops4j.pax.logging.pax-logging-api[org.ops4j.pax.swissbox.extender.BundleWatcher] : Releasing bundle [org.ops4j.base]
org.ops4j.pax.logging.pax-logging-api[org.ops4j.pax.logging.internal.Activator] : Disabling SLF4J API support.
org.ops4j.pax.logging.pax-logging-api[org.ops4j.pax.logging.internal.Activator] : Disabling Jakarta Commons Logging API support.
org.ops4j.pax.logging.pax-logging-api[org.ops4j.pax.logging.internal.Activator] : Disabling Log4J API support.
org.ops4j.pax.logging.pax-logging-api[org.ops4j.pax.logging.internal.Activator] : Disabling Avalon Logger API support.
org.ops4j.pax.logging.pax-logging-api[org.ops4j.pax.logging.internal.Activator] : Disabling JULI Logger API support.
org.ops4j.pax.logging.pax-logging-api[org.ops4j.pax.logging.internal.Activator] : Disabling Log4J v2 API support. Ignored FQCN: org.apache.logging.log4j.spi.AbstractLogger
org.ops4j.pax.logging.pax-logging-api[org.ops4j.pax.swissbox.extender.BundleWatcher] : Releasing bundle [org.ops4j.pax.logging.pax-logging-api]
org.ops4j.pax.logging.pax-logging-api[org.ops4j.pax.swissbox.extender.BundleWatcher] : Releasing bundle [org.ops4j.pax.exam.inject]
org.ops4j.pax.logging.pax-logging-api[org.ops4j.pax.swissbox.extender.BundleWatcher] : Releasing bundle [org.ops4j.pax.exam.extender.service]
org.ops4j.pax.logging.pax-logging-api[org.ops4j.pax.swissbox.extender.BundleWatcher] : Releasing bundle [org.apache.felix.framework]
org.ops4j.pax.logging.pax-logging-api[org.ops4j.pax.swissbox.extender.BundleWatcher] : Releasing bundle [org.ops4j.pax.exam]
]]></system-out>
    <system-err><![CDATA[SLF4J: Failed to load class "org.slf4j.impl.StaticLoggerBinder".
SLF4J: Defaulting to no-operation (NOP) logger implementation
SLF4J: See http://www.slf4j.org/codes.html#StaticLoggerBinder for further details.
org.osgi.framework.BundleException: Unable to resolve dk.sdu.mmmi.build.OSGiLibGDX [12](R 12.0): missing requirement [dk.sdu.mmmi.build.OSGiLibGDX [12](R 12.0)] osgi.wiring.package; (osgi.wiring.package=sun.misc) Unresolved requirements: [[dk.sdu.mmmi.build.OSGiLibGDX [12](R 12.0)] osgi.wiring.package; (osgi.wiring.package=sun.misc)]
	at org.apache.felix.framework.Felix.resolveBundleRevision(Felix.java:4398)
	at org.apache.felix.framework.Felix.startBundle(Felix.java:2308)
	at org.apache.felix.framework.Felix.setActiveStartLevel(Felix.java:1566)
	at org.apache.felix.framework.FrameworkStartLevelImpl.run(FrameworkStartLevelImpl.java:308)
	at java.lang.Thread.run(Thread.java:750)
org.osgi.framework.BundleException: Unable to resolve OSGiCommon [13](R 13.0): missing requirement [OSGiCommon [13](R 13.0)] osgi.wiring.package; (&(osgi.wiring.package=com.badlogic.gdx.graphics.g2d)(version>=1.0.0)(!(version>=2.0.0))) [caused by: Unable to resolve dk.sdu.mmmi.build.OSGiLibGDX [12](R 12.0): missing requirement [dk.sdu.mmmi.build.OSGiLibGDX [12](R 12.0)] osgi.wiring.package; (osgi.wiring.package=sun.misc)] Unresolved requirements: [[OSGiCommon [13](R 13.0)] osgi.wiring.package; (&(osgi.wiring.package=com.badlogic.gdx.graphics.g2d)(version>=1.0.0)(!(version>=2.0.0)))]
	at org.apache.felix.framework.Felix.resolveBundleRevision(Felix.java:4398)
	at org.apache.felix.framework.Felix.startBundle(Felix.java:2308)
	at org.apache.felix.framework.Felix.setActiveStartLevel(Felix.java:1566)
	at org.apache.felix.framework.FrameworkStartLevelImpl.run(FrameworkStartLevelImpl.java:308)
	at java.lang.Thread.run(Thread.java:750)
]]></system-err>
  </testcase>
</testsuite>