<?xml version="1.0" encoding="UTF-8"?>
<testsuite xmlns:xsi="http://www.w3.org/2001/XMLSchema-instance" xsi:noNamespaceSchemaLocation="https://maven.apache.org/surefire/maven-surefire-plugin/xsd/surefire-test-report-3.0.xsd" version="3.0" name="dk.sdu.mmmi.cbse.ApplicationITest" time="0.203" tests="1" errors="1" skipped="0" failures="0">
  <properties>
    <property name="gopherProxySet" value="false"/>
    <property name="awt.toolkit" value="sun.lwawt.macosx.LWCToolkit"/>
    <property name="java.specification.version" value="1.8"/>
    <property name="file.encoding.pkg" value="sun.io"/>
    <property name="sun.cpu.isalist" value=""/>
    <property name="sun.jnu.encoding" value="UTF-8"/>
    <property name="java.class.path" value="/Users/nicolajaalykkehansen/Desktop/Sempro/Sempro4/OSGiTest/target/test-classes:/Users/nicolajaalykkehansen/Desktop/Sempro/Sempro4/OSGiTest/target/classes:/Users/nicolajaalykkehansen/.m2/repository/org/osgi/org.osgi.core/4.3.0/org.osgi.core-4.3.0.jar:/Users/nicolajaalykkehansen/.m2/repository/org/osgi/org.osgi.compendium/4.3.0/org.osgi.compendium-4.3.0.jar:/Users/nicolajaalykkehansen/Desktop/Sempro/Sempro4/OSGiCommon/target/OSGiCommon-1.0-SNAPSHOT.jar:/Users/nicolajaalykkehansen/Desktop/Sempro/Sempro4/OSGiLibGDX/target/OSGiLibGDX-1.0-SNAPSHOT.jar:/Users/nicolajaalykkehansen/.m2/repository/com/badlogicgames/gdx/gdx-platform/1.5.0/gdx-platform-1.5.0.jar:/Users/nicolajaalykkehansen/.m2/repository/com/badlogicgames/gdx/gdx-backend-lwjgl/1.5.0/gdx-backend-lwjgl-1.5.0.jar:/Users/nicolajaalykkehansen/.m2/repository/org/lwjgl/lwjgl/lwjgl/2.9.1/lwjgl-2.9.1.jar:/Users/nicolajaalykkehansen/.m2/repository/org/lwjgl/lwjgl/lwjgl-platform/2.9.1/lwjgl-platform-2.9.1-natives-windows.jar:/Users/nicolajaalykkehansen/.m2/repository/org/lwjgl/lwjgl/lwjgl-platform/2.9.1/lwjgl-platform-2.9.1-natives-linux.jar:/Users/nicolajaalykkehansen/.m2/repository/org/lwjgl/lwjgl/lwjgl-platform/2.9.1/lwjgl-platform-2.9.1-natives-osx.jar:/Users/nicolajaalykkehansen/.m2/repository/net/java/jinput/jinput/2.0.5/jinput-2.0.5.jar:/Users/nicolajaalykkehansen/.m2/repository/net/java/jutils/jutils/1.0.0/jutils-1.0.0.jar:/Users/nicolajaalykkehansen/.m2/repository/net/java/jinput/jinput-platform/2.0.5/jinput-platform-2.0.5-natives-linux.jar:/Users/nicolajaalykkehansen/.m2/repository/net/java/jinput/jinput-platform/2.0.5/jinput-platform-2.0.5-natives-windows.jar:/Users/nicolajaalykkehansen/.m2/repository/net/java/jinput/jinput-platform/2.0.5/jinput-platform-2.0.5-natives-osx.jar:/Users/nicolajaalykkehansen/.m2/repository/org/lwjgl/lwjgl/lwjgl_util/2.9.1/lwjgl_util-2.9.1.jar:/Users/nicolajaalykkehansen/.m2/repository/com/badlogicgames/jlayer/jlayer/1.0.1-gdx/jlayer-1.0.1-gdx.jar:/Users/nicolajaalykkehansen/.m2/repository/org/jcraft/jorbis/0.0.17/jorbis-0.0.17.jar:/Users/nicolajaalykkehansen/.m2/repository/com/badlogicgames/gdx/gdx-box2d/1.5.0/gdx-box2d-1.5.0.jar:/Users/nicolajaalykkehansen/.m2/repository/com/badlogicgames/gdx/gdx-freetype/1.5.0/gdx-freetype-1.5.0.jar:/Users/nicolajaalykkehansen/.m2/repository/com/badlogicgames/gdx/gdx-platform/1.5.0/gdx-platform-1.5.0-natives-desktop.jar:/Users/nicolajaalykkehansen/.m2/repository/com/badlogicgames/gdx/gdx-box2d-platform/1.5.0/gdx-box2d-platform-1.5.0-natives-desktop.jar:/Users/nicolajaalykkehansen/.m2/repository/com/badlogicgames/gdx/gdx-freetype-platform/1.5.0/gdx-freetype-platform-1.5.0-natives-desktop.jar:/Users/nicolajaalykkehansen/.m2/repository/com/badlogicgames/gdx/gdx-jnigen/1.5.0/gdx-jnigen-1.5.0.jar:/Users/nicolajaalykkehansen/.m2/repository/com/google/code/javaparser/javaparser/1.0.8/javaparser-1.0.8.jar:/Users/nicolajaalykkehansen/.m2/repository/com/diffplug/osgi/com.diffplug.osgi.extension.sun.misc/0.0.0/com.diffplug.osgi.extension.sun.misc-0.0.0.jar:/Users/nicolajaalykkehansen/.m2/repository/com/diffplug/osgi/com.diffplug.osgi.extension.sun.reflect/0.0.0/com.diffplug.osgi.extension.sun.reflect-0.0.0.jar:/Users/nicolajaalykkehansen/.m2/repository/org/apache/felix/org.apache.felix.scr/1.8.0/org.apache.felix.scr-1.8.0.jar:/Users/nicolajaalykkehansen/Desktop/Sempro/Sempro4/OSGiProjectile/target/OSGiProjectile-1.0-SNAPSHOT.jar:/Users/nicolajaalykkehansen/.m2/repository/com/badlogicgames/gdx/gdx/1.5.0/gdx-1.5.0.jar:/Users/nicolajaalykkehansen/Desktop/Sempro/Sempro4/OSGiCommonProjectile/target/OSGiCommonProjectile-1.0-SNAPSHOT.jar:/Users/nicolajaalykkehansen/Desktop/Sempro/Sempro4/OSGiCommonEnemy/target/OSGiCommonEnemy-1.0-SNAPSHOT.jar:/Users/nicolajaalykkehansen/Desktop/Sempro/Sempro4/OSGiEnemy/target/OSGiEnemy-1.0-SNAPSHOT.jar:/Users/nicolajaalykkehansen/Desktop/Sempro/Sempro4/OSGiCommonPlayer/target/OSGiCommonPlayer-1.0-SNAPSHOT.jar:/Users/nicolajaalykkehansen/Desktop/Sempro/Sempro4/OSGiCommonMap/target/OSGiCommonMap-1.0-SNAPSHOT.jar:/Users/nicolajaalykkehansen/.m2/repository/junit/junit/4.13.2/junit-4.13.2.jar:/Users/nicolajaalykkehansen/.m2/repository/org/hamcrest/hamcrest-core/1.3/hamcrest-core-1.3.jar:/Users/nicolajaalykkehansen/.m2/repository/org/mockito/mockito-core/4.5.1/mockito-core-4.5.1.jar:/Users/nicolajaalykkehansen/.m2/repository/net/bytebuddy/byte-buddy/1.12.9/byte-buddy-1.12.9.jar:/Users/nicolajaalykkehansen/.m2/repository/net/bytebuddy/byte-buddy-agent/1.12.9/byte-buddy-agent-1.12.9.jar:/Users/nicolajaalykkehansen/.m2/repository/org/objenesis/objenesis/3.2/objenesis-3.2.jar:/Users/nicolajaalykkehansen/.m2/repository/org/mockito/mockito-junit-jupiter/4.5.1/mockito-junit-jupiter-4.5.1.jar:/Users/nicolajaalykkehansen/.m2/repository/org/junit/jupiter/junit-jupiter-api/5.8.2/junit-jupiter-api-5.8.2.jar:/Users/nicolajaalykkehansen/.m2/repository/org/opentest4j/opentest4j/1.2.0/opentest4j-1.2.0.jar:/Users/nicolajaalykkehansen/.m2/repository/org/junit/platform/junit-platform-commons/1.8.2/junit-platform-commons-1.8.2.jar:/Users/nicolajaalykkehansen/.m2/repository/org/apiguardian/apiguardian-api/1.1.2/apiguardian-api-1.1.2.jar:/Users/nicolajaalykkehansen/.m2/repository/org/ops4j/pax/exam/pax-exam-junit4/4.13.5/pax-exam-junit4-4.13.5.jar:/Users/nicolajaalykkehansen/.m2/repository/org/ops4j/pax/exam/pax-exam-spi/4.13.5/pax-exam-spi-4.13.5.jar:/Users/nicolajaalykkehansen/.m2/repository/org/ops4j/base/ops4j-base-spi/1.5.1/ops4j-base-spi-1.5.1.jar:/Users/nicolajaalykkehansen/.m2/repository/org/slf4j/slf4j-api/1.7.25/slf4j-api-1.7.25.jar:/Users/nicolajaalykkehansen/.m2/repository/org/ops4j/pax/tinybundles/tinybundles/2.1.1/tinybundles-2.1.1.jar:/Users/nicolajaalykkehansen/.m2/repository/biz/aQute/bnd/bndlib/2.4.0/bndlib-2.4.0.jar:/Users/nicolajaalykkehansen/.m2/repository/org/ops4j/base/ops4j-base-lang/1.5.1/ops4j-base-lang-1.5.1.jar:/Users/nicolajaalykkehansen/.m2/repository/org/ops4j/pax/exam/pax-exam/4.13.5/pax-exam-4.13.5.jar:/Users/nicolajaalykkehansen/.m2/repository/org/ops4j/base/ops4j-base-exec/1.5.1/ops4j-base-exec-1.5.1.jar:/Users/nicolajaalykkehansen/.m2/repository/org/ops4j/base/ops4j-base-io/1.5.1/ops4j-base-io-1.5.1.jar:/Users/nicolajaalykkehansen/.m2/repository/org/ops4j/base/ops4j-base-monitors/1.5.1/ops4j-base-monitors-1.5.1.jar:/Users/nicolajaalykkehansen/.m2/repository/org/ops4j/base/ops4j-base-store/1.5.1/ops4j-base-store-1.5.1.jar:/Users/nicolajaalykkehansen/.m2/repository/org/ops4j/base/ops4j-base-util-property/1.5.1/ops4j-base-util-property-1.5.1.jar:/Users/nicolajaalykkehansen/.m2/repository/javax/inject/javax.inject/1/javax.inject-1.jar:/Users/nicolajaalykkehansen/.m2/repository/org/ops4j/pax/exam/pax-exam-container-native/4.13.5/pax-exam-container-native-4.13.5.jar:/Users/nicolajaalykkehansen/.m2/repository/org/ops4j/pax/swissbox/pax-swissbox-core/1.8.4/pax-swissbox-core-1.8.4.jar:/Users/nicolajaalykkehansen/.m2/repository/org/ops4j/pax/swissbox/pax-swissbox-lifecycle/1.8.4/pax-swissbox-lifecycle-1.8.4.jar:/Users/nicolajaalykkehansen/.m2/repository/org/ops4j/pax/swissbox/pax-swissbox-tracker/1.8.4/pax-swissbox-tracker-1.8.4.jar:/Users/nicolajaalykkehansen/.m2/repository/org/ops4j/base/ops4j-base-net/1.5.1/ops4j-base-net-1.5.1.jar:/Users/nicolajaalykkehansen/.m2/repository/org/ops4j/pax/url/pax-url-link/2.6.8/pax-url-link-2.6.8.jar:/Users/nicolajaalykkehansen/.m2/repository/org/ops4j/pax/url/pax-url-commons/2.6.8/pax-url-commons-2.6.8.jar:/Users/nicolajaalykkehansen/.m2/repository/org/ops4j/pax/url/pax-url-classpath/2.6.8/pax-url-classpath-2.6.8.jar:/Users/nicolajaalykkehansen/.m2/repository/org/ops4j/pax/swissbox/pax-swissbox-property/1.8.4/pax-swissbox-property-1.8.4.jar:/Users/nicolajaalykkehansen/.m2/repository/org/ops4j/pax/exam/pax-exam-link-mvn/4.13.5/pax-exam-link-mvn-4.13.5.jar:/Users/nicolajaalykkehansen/.m2/repository/org/ops4j/pax/url/pax-url-aether/2.6.8/pax-url-aether-2.6.8.jar:/Users/nicolajaalykkehansen/.m2/repository/org/ops4j/pax/url/pax-url-aether-support/2.6.8/pax-url-aether-support-2.6.8.jar:/Users/nicolajaalykkehansen/.m2/repository/org/apache/maven/resolver/maven-resolver-impl/1.3.1/maven-resolver-impl-1.3.1.jar:/Users/nicolajaalykkehansen/.m2/repository/org/apache/maven/resolver/maven-resolver-api/1.3.1/maven-resolver-api-1.3.1.jar:/Users/nicolajaalykkehansen/.m2/repository/org/apache/maven/resolver/maven-resolver-spi/1.3.1/maven-resolver-spi-1.3.1.jar:/Users/nicolajaalykkehansen/.m2/repository/org/apache/maven/resolver/maven-resolver-util/1.3.1/maven-resolver-util-1.3.1.jar:/Users/nicolajaalykkehansen/.m2/repository/org/slf4j/jcl-over-slf4j/1.6.6/jcl-over-slf4j-1.6.6.jar:/Users/nicolajaalykkehansen/.m2/repository/org/apache/logging/log4j/log4j-core/2.17.2/log4j-core-2.17.2.jar:/Users/nicolajaalykkehansen/.m2/repository/org/apache/logging/log4j/log4j-api/2.17.2/log4j-api-2.17.2.jar:/Users/nicolajaalykkehansen/.m2/repository/org/apache/felix/org.apache.felix.framework/7.0.3/org.apache.felix.framework-7.0.3.jar:/Users/nicolajaalykkehansen/.m2/repository/org/codehaus/mojo/animal-sniffer-annotations/1.9/animal-sniffer-annotations-1.9.jar:"/>
    <property name="java.vm.vendor" value="Azul Systems, Inc."/>
    <property name="sun.arch.data.model" value="64"/>
    <property name="pax.exam.service.timeout" value="10000"/>
    <property name="java.vendor.url" value="http://www.azul.com/"/>
    <property name="user.timezone" value=""/>
    <property name="java.vm.specification.version" value="1.8"/>
    <property name="os.name" value="Mac OS X"/>
    <property name="user.country" value="DK"/>
    <property name="sun.java.launcher" value="SUN_STANDARD"/>
    <property name="sun.boot.library.path" value="/Users/nicolajaalykkehansen/Library/Java/JavaVirtualMachines/azul-1.8.0_322-1/Contents/Home/jre/lib"/>
    <property name="sun.java.command" value="/Users/nicolajaalykkehansen/Desktop/Sempro/Sempro4/OSGiTest/target/surefire/surefirebooter3182355482188289612.jar /Users/nicolajaalykkehansen/Desktop/Sempro/Sempro4/OSGiTest/target/surefire 2022-05-16T22-00-51_417-jvmRun1 surefire4978756530370520365tmp surefire_68826574999364287765tmp"/>
    <property name="surefire.test.class.path" value="/Users/nicolajaalykkehansen/Desktop/Sempro/Sempro4/OSGiTest/target/test-classes:/Users/nicolajaalykkehansen/Desktop/Sempro/Sempro4/OSGiTest/target/classes:/Users/nicolajaalykkehansen/.m2/repository/org/osgi/org.osgi.core/4.3.0/org.osgi.core-4.3.0.jar:/Users/nicolajaalykkehansen/.m2/repository/org/osgi/org.osgi.compendium/4.3.0/org.osgi.compendium-4.3.0.jar:/Users/nicolajaalykkehansen/Desktop/Sempro/Sempro4/OSGiCommon/target/OSGiCommon-1.0-SNAPSHOT.jar:/Users/nicolajaalykkehansen/Desktop/Sempro/Sempro4/OSGiLibGDX/target/OSGiLibGDX-1.0-SNAPSHOT.jar:/Users/nicolajaalykkehansen/.m2/repository/com/badlogicgames/gdx/gdx-platform/1.5.0/gdx-platform-1.5.0.jar:/Users/nicolajaalykkehansen/.m2/repository/com/badlogicgames/gdx/gdx-backend-lwjgl/1.5.0/gdx-backend-lwjgl-1.5.0.jar:/Users/nicolajaalykkehansen/.m2/repository/org/lwjgl/lwjgl/lwjgl/2.9.1/lwjgl-2.9.1.jar:/Users/nicolajaalykkehansen/.m2/repository/org/lwjgl/lwjgl/lwjgl-platform/2.9.1/lwjgl-platform-2.9.1-natives-windows.jar:/Users/nicolajaalykkehansen/.m2/repository/org/lwjgl/lwjgl/lwjgl-platform/2.9.1/lwjgl-platform-2.9.1-natives-linux.jar:/Users/nicolajaalykkehansen/.m2/repository/org/lwjgl/lwjgl/lwjgl-platform/2.9.1/lwjgl-platform-2.9.1-natives-osx.jar:/Users/nicolajaalykkehansen/.m2/repository/net/java/jinput/jinput/2.0.5/jinput-2.0.5.jar:/Users/nicolajaalykkehansen/.m2/repository/net/java/jutils/jutils/1.0.0/jutils-1.0.0.jar:/Users/nicolajaalykkehansen/.m2/repository/net/java/jinput/jinput-platform/2.0.5/jinput-platform-2.0.5-natives-linux.jar:/Users/nicolajaalykkehansen/.m2/repository/net/java/jinput/jinput-platform/2.0.5/jinput-platform-2.0.5-natives-windows.jar:/Users/nicolajaalykkehansen/.m2/repository/net/java/jinput/jinput-platform/2.0.5/jinput-platform-2.0.5-natives-osx.jar:/Users/nicolajaalykkehansen/.m2/repository/org/lwjgl/lwjgl/lwjgl_util/2.9.1/lwjgl_util-2.9.1.jar:/Users/nicolajaalykkehansen/.m2/repository/com/badlogicgames/jlayer/jlayer/1.0.1-gdx/jlayer-1.0.1-gdx.jar:/Users/nicolajaalykkehansen/.m2/repository/org/jcraft/jorbis/0.0.17/jorbis-0.0.17.jar:/Users/nicolajaalykkehansen/.m2/repository/com/badlogicgames/gdx/gdx-box2d/1.5.0/gdx-box2d-1.5.0.jar:/Users/nicolajaalykkehansen/.m2/repository/com/badlogicgames/gdx/gdx-freetype/1.5.0/gdx-freetype-1.5.0.jar:/Users/nicolajaalykkehansen/.m2/repository/com/badlogicgames/gdx/gdx-platform/1.5.0/gdx-platform-1.5.0-natives-desktop.jar:/Users/nicolajaalykkehansen/.m2/repository/com/badlogicgames/gdx/gdx-box2d-platform/1.5.0/gdx-box2d-platform-1.5.0-natives-desktop.jar:/Users/nicolajaalykkehansen/.m2/repository/com/badlogicgames/gdx/gdx-freetype-platform/1.5.0/gdx-freetype-platform-1.5.0-natives-desktop.jar:/Users/nicolajaalykkehansen/.m2/repository/com/badlogicgames/gdx/gdx-jnigen/1.5.0/gdx-jnigen-1.5.0.jar:/Users/nicolajaalykkehansen/.m2/repository/com/google/code/javaparser/javaparser/1.0.8/javaparser-1.0.8.jar:/Users/nicolajaalykkehansen/.m2/repository/com/diffplug/osgi/com.diffplug.osgi.extension.sun.misc/0.0.0/com.diffplug.osgi.extension.sun.misc-0.0.0.jar:/Users/nicolajaalykkehansen/.m2/repository/com/diffplug/osgi/com.diffplug.osgi.extension.sun.reflect/0.0.0/com.diffplug.osgi.extension.sun.reflect-0.0.0.jar:/Users/nicolajaalykkehansen/.m2/repository/org/apache/felix/org.apache.felix.scr/1.8.0/org.apache.felix.scr-1.8.0.jar:/Users/nicolajaalykkehansen/Desktop/Sempro/Sempro4/OSGiProjectile/target/OSGiProjectile-1.0-SNAPSHOT.jar:/Users/nicolajaalykkehansen/.m2/repository/com/badlogicgames/gdx/gdx/1.5.0/gdx-1.5.0.jar:/Users/nicolajaalykkehansen/Desktop/Sempro/Sempro4/OSGiCommonProjectile/target/OSGiCommonProjectile-1.0-SNAPSHOT.jar:/Users/nicolajaalykkehansen/Desktop/Sempro/Sempro4/OSGiCommonEnemy/target/OSGiCommonEnemy-1.0-SNAPSHOT.jar:/Users/nicolajaalykkehansen/Desktop/Sempro/Sempro4/OSGiEnemy/target/OSGiEnemy-1.0-SNAPSHOT.jar:/Users/nicolajaalykkehansen/Desktop/Sempro/Sempro4/OSGiCommonPlayer/target/OSGiCommonPlayer-1.0-SNAPSHOT.jar:/Users/nicolajaalykkehansen/Desktop/Sempro/Sempro4/OSGiCommonMap/target/OSGiCommonMap-1.0-SNAPSHOT.jar:/Users/nicolajaalykkehansen/.m2/repository/junit/junit/4.13.2/junit-4.13.2.jar:/Users/nicolajaalykkehansen/.m2/repository/org/hamcrest/hamcrest-core/1.3/hamcrest-core-1.3.jar:/Users/nicolajaalykkehansen/.m2/repository/org/mockito/mockito-core/4.5.1/mockito-core-4.5.1.jar:/Users/nicolajaalykkehansen/.m2/repository/net/bytebuddy/byte-buddy/1.12.9/byte-buddy-1.12.9.jar:/Users/nicolajaalykkehansen/.m2/repository/net/bytebuddy/byte-buddy-agent/1.12.9/byte-buddy-agent-1.12.9.jar:/Users/nicolajaalykkehansen/.m2/repository/org/objenesis/objenesis/3.2/objenesis-3.2.jar:/Users/nicolajaalykkehansen/.m2/repository/org/mockito/mockito-junit-jupiter/4.5.1/mockito-junit-jupiter-4.5.1.jar:/Users/nicolajaalykkehansen/.m2/repository/org/junit/jupiter/junit-jupiter-api/5.8.2/junit-jupiter-api-5.8.2.jar:/Users/nicolajaalykkehansen/.m2/repository/org/opentest4j/opentest4j/1.2.0/opentest4j-1.2.0.jar:/Users/nicolajaalykkehansen/.m2/repository/org/junit/platform/junit-platform-commons/1.8.2/junit-platform-commons-1.8.2.jar:/Users/nicolajaalykkehansen/.m2/repository/org/apiguardian/apiguardian-api/1.1.2/apiguardian-api-1.1.2.jar:/Users/nicolajaalykkehansen/.m2/repository/org/ops4j/pax/exam/pax-exam-junit4/4.13.5/pax-exam-junit4-4.13.5.jar:/Users/nicolajaalykkehansen/.m2/repository/org/ops4j/pax/exam/pax-exam-spi/4.13.5/pax-exam-spi-4.13.5.jar:/Users/nicolajaalykkehansen/.m2/repository/org/ops4j/base/ops4j-base-spi/1.5.1/ops4j-base-spi-1.5.1.jar:/Users/nicolajaalykkehansen/.m2/repository/org/slf4j/slf4j-api/1.7.25/slf4j-api-1.7.25.jar:/Users/nicolajaalykkehansen/.m2/repository/org/ops4j/pax/tinybundles/tinybundles/2.1.1/tinybundles-2.1.1.jar:/Users/nicolajaalykkehansen/.m2/repository/biz/aQute/bnd/bndlib/2.4.0/bndlib-2.4.0.jar:/Users/nicolajaalykkehansen/.m2/repository/org/ops4j/base/ops4j-base-lang/1.5.1/ops4j-base-lang-1.5.1.jar:/Users/nicolajaalykkehansen/.m2/repository/org/ops4j/pax/exam/pax-exam/4.13.5/pax-exam-4.13.5.jar:/Users/nicolajaalykkehansen/.m2/repository/org/ops4j/base/ops4j-base-exec/1.5.1/ops4j-base-exec-1.5.1.jar:/Users/nicolajaalykkehansen/.m2/repository/org/ops4j/base/ops4j-base-io/1.5.1/ops4j-base-io-1.5.1.jar:/Users/nicolajaalykkehansen/.m2/repository/org/ops4j/base/ops4j-base-monitors/1.5.1/ops4j-base-monitors-1.5.1.jar:/Users/nicolajaalykkehansen/.m2/repository/org/ops4j/base/ops4j-base-store/1.5.1/ops4j-base-store-1.5.1.jar:/Users/nicolajaalykkehansen/.m2/repository/org/ops4j/base/ops4j-base-util-property/1.5.1/ops4j-base-util-property-1.5.1.jar:/Users/nicolajaalykkehansen/.m2/repository/javax/inject/javax.inject/1/javax.inject-1.jar:/Users/nicolajaalykkehansen/.m2/repository/org/ops4j/pax/exam/pax-exam-container-native/4.13.5/pax-exam-container-native-4.13.5.jar:/Users/nicolajaalykkehansen/.m2/repository/org/ops4j/pax/swissbox/pax-swissbox-core/1.8.4/pax-swissbox-core-1.8.4.jar:/Users/nicolajaalykkehansen/.m2/repository/org/ops4j/pax/swissbox/pax-swissbox-lifecycle/1.8.4/pax-swissbox-lifecycle-1.8.4.jar:/Users/nicolajaalykkehansen/.m2/repository/org/ops4j/pax/swissbox/pax-swissbox-tracker/1.8.4/pax-swissbox-tracker-1.8.4.jar:/Users/nicolajaalykkehansen/.m2/repository/org/ops4j/base/ops4j-base-net/1.5.1/ops4j-base-net-1.5.1.jar:/Users/nicolajaalykkehansen/.m2/repository/org/ops4j/pax/url/pax-url-link/2.6.8/pax-url-link-2.6.8.jar:/Users/nicolajaalykkehansen/.m2/repository/org/ops4j/pax/url/pax-url-commons/2.6.8/pax-url-commons-2.6.8.jar:/Users/nicolajaalykkehansen/.m2/repository/org/ops4j/pax/url/pax-url-classpath/2.6.8/pax-url-classpath-2.6.8.jar:/Users/nicolajaalykkehansen/.m2/repository/org/ops4j/pax/swissbox/pax-swissbox-property/1.8.4/pax-swissbox-property-1.8.4.jar:/Users/nicolajaalykkehansen/.m2/repository/org/ops4j/pax/exam/pax-exam-link-mvn/4.13.5/pax-exam-link-mvn-4.13.5.jar:/Users/nicolajaalykkehansen/.m2/repository/org/ops4j/pax/url/pax-url-aether/2.6.8/pax-url-aether-2.6.8.jar:/Users/nicolajaalykkehansen/.m2/repository/org/ops4j/pax/url/pax-url-aether-support/2.6.8/pax-url-aether-support-2.6.8.jar:/Users/nicolajaalykkehansen/.m2/repository/org/apache/maven/resolver/maven-resolver-impl/1.3.1/maven-resolver-impl-1.3.1.jar:/Users/nicolajaalykkehansen/.m2/repository/org/apache/maven/resolver/maven-resolver-api/1.3.1/maven-resolver-api-1.3.1.jar:/Users/nicolajaalykkehansen/.m2/repository/org/apache/maven/resolver/maven-resolver-spi/1.3.1/maven-resolver-spi-1.3.1.jar:/Users/nicolajaalykkehansen/.m2/repository/org/apache/maven/resolver/maven-resolver-util/1.3.1/maven-resolver-util-1.3.1.jar:/Users/nicolajaalykkehansen/.m2/repository/org/slf4j/jcl-over-slf4j/1.6.6/jcl-over-slf4j-1.6.6.jar:/Users/nicolajaalykkehansen/.m2/repository/org/apache/logging/log4j/log4j-core/2.17.2/log4j-core-2.17.2.jar:/Users/nicolajaalykkehansen/.m2/repository/org/apache/logging/log4j/log4j-api/2.17.2/log4j-api-2.17.2.jar:/Users/nicolajaalykkehansen/.m2/repository/org/apache/felix/org.apache.felix.framework/7.0.3/org.apache.felix.framework-7.0.3.jar:/Users/nicolajaalykkehansen/.m2/repository/org/codehaus/mojo/animal-sniffer-annotations/1.9/animal-sniffer-annotations-1.9.jar:"/>
    <property name="sun.cpu.endian" value="little"/>
    <property name="user.home" value="/Users/nicolajaalykkehansen"/>
    <property name="user.language" value="da"/>
    <property name="java.specification.vendor" value="Oracle Corporation"/>
    <property name="java.home" value="/Users/nicolajaalykkehansen/Library/Java/JavaVirtualMachines/azul-1.8.0_322-1/Contents/Home/jre"/>
    <property name="basedir" value="/Users/nicolajaalykkehansen/Desktop/Sempro/Sempro4/OSGiTest"/>
    <property name="file.separator" value="/"/>
    <property name="line.separator" value="&#10;"/>
    <property name="jdk.vendor.version" value="Zulu 8.60.0.21-CA-macosx"/>
    <property name="java.vm.specification.vendor" value="Oracle Corporation"/>
    <property name="java.specification.name" value="Java Platform API Specification"/>
    <property name="java.awt.graphicsenv" value="sun.awt.CGraphicsEnvironment"/>
    <property name="surefire.real.class.path" value="/Users/nicolajaalykkehansen/Desktop/Sempro/Sempro4/OSGiTest/target/surefire/surefirebooter3182355482188289612.jar"/>
    <property name="sun.boot.class.path" value="/Users/nicolajaalykkehansen/Library/Java/JavaVirtualMachines/azul-1.8.0_322-1/Contents/Home/jre/lib/resources.jar:/Users/nicolajaalykkehansen/Library/Java/JavaVirtualMachines/azul-1.8.0_322-1/Contents/Home/jre/lib/rt.jar:/Users/nicolajaalykkehansen/Library/Java/JavaVirtualMachines/azul-1.8.0_322-1/Contents/Home/jre/lib/sunrsasign.jar:/Users/nicolajaalykkehansen/Library/Java/JavaVirtualMachines/azul-1.8.0_322-1/Contents/Home/jre/lib/jsse.jar:/Users/nicolajaalykkehansen/Library/Java/JavaVirtualMachines/azul-1.8.0_322-1/Contents/Home/jre/lib/jce.jar:/Users/nicolajaalykkehansen/Library/Java/JavaVirtualMachines/azul-1.8.0_322-1/Contents/Home/jre/lib/charsets.jar:/Users/nicolajaalykkehansen/Library/Java/JavaVirtualMachines/azul-1.8.0_322-1/Contents/Home/jre/lib/jfr.jar:/Users/nicolajaalykkehansen/Library/Java/JavaVirtualMachines/azul-1.8.0_322-1/Contents/Home/jre/lib/cat.jar:/Users/nicolajaalykkehansen/Library/Java/JavaVirtualMachines/azul-1.8.0_322-1/Contents/Home/jre/classes"/>
    <property name="java.protocol.handler.pkgs" value="org.ops4j.pax.url"/>
    <property name="sun.management.compiler" value="HotSpot 64-Bit Tiered Compilers"/>
    <property name="java.runtime.version" value="1.8.0_322-b06"/>
    <property name="user.name" value="nicolajaalykkehansen"/>
    <property name="path.separator" value=":"/>
    <property name="os.version" value="10.16"/>
    <property name="java.endorsed.dirs" value="/Users/nicolajaalykkehansen/Library/Java/JavaVirtualMachines/azul-1.8.0_322-1/Contents/Home/jre/lib/endorsed"/>
    <property name="java.runtime.name" value="OpenJDK Runtime Environment"/>
    <property name="file.encoding" value="UTF-8"/>
    <property name="java.vm.name" value="OpenJDK 64-Bit Server VM"/>
    <property name="localRepository" value="/Users/nicolajaalykkehansen/.m2/repository"/>
    <property name="java.vendor.url.bug" value="http://www.azul.com/support/"/>
    <property name="java.io.tmpdir" value="/var/folders/bf/4hl1gkb543g56bxnbmcg2bx00000gp/T/"/>
    <property name="idea.version" value="2021.3.2"/>
    <property name="java.version" value="1.8.0_322"/>
    <property name="user.dir" value="/Users/nicolajaalykkehansen/Desktop/Sempro/Sempro4/OSGiTest"/>
    <property name="os.arch" value="x86_64"/>
    <property name="java.vm.specification.name" value="Java Virtual Machine Specification"/>
    <property name="java.awt.printerjob" value="sun.lwawt.macosx.CPrinterJob"/>
    <property name="sun.os.patch.level" value="unknown"/>
    <property name="java.library.path" value="/Users/nicolajaalykkehansen/Library/Java/Extensions:/Library/Java/Extensions:/Network/Library/Java/Extensions:/System/Library/Java/Extensions:/usr/lib/java:."/>
    <property name="java.vm.info" value="mixed mode"/>
    <property name="java.vendor" value="Azul Systems, Inc."/>
    <property name="java.vm.version" value="25.322-b06"/>
    <property name="java.ext.dirs" value="/Users/nicolajaalykkehansen/Library/Java/Extensions:/Users/nicolajaalykkehansen/Library/Java/JavaVirtualMachines/azul-1.8.0_322-1/Contents/Home/jre/lib/ext:/Library/Java/Extensions:/Network/Library/Java/Extensions:/System/Library/Java/Extensions:/usr/lib/java"/>
    <property name="sun.io.unicode.encoding" value="UnicodeBig"/>
    <property name="java.class.version" value="52.0"/>
  </properties>
  <testcase name="testtt" classname="dk.sdu.mmmi.cbse.ApplicationITest" time="0.183">
    <error message="org.apache.felix.framework.wiring.BundleCapabilityImpl cannot be cast to org.osgi.resource.Capability" type="java.lang.ClassCastException"><![CDATA[java.lang.ClassCastException: org.apache.felix.framework.wiring.BundleCapabilityImpl cannot be cast to org.osgi.resource.Capability
	at org.apache.felix.resolver.Util.isFragment(Util.java:64)
	at org.apache.felix.resolver.ResolverImpl.getInitialCandidates(ResolverImpl.java:526)
	at org.apache.felix.resolver.ResolverImpl.doResolve(ResolverImpl.java:431)
	at org.apache.felix.resolver.ResolverImpl.resolve(ResolverImpl.java:420)
	at org.apache.felix.resolver.ResolverImpl.resolve(ResolverImpl.java:374)
	at org.apache.felix.framework.StatefulResolver.resolve(StatefulResolver.java:488)
	at org.apache.felix.framework.Felix.init(Felix.java:778)
	at org.apache.felix.framework.Felix.init(Felix.java:648)
	at org.ops4j.pax.exam.nat.internal.NativeTestContainer.start(NativeTestContainer.java:192)
	at org.ops4j.pax.exam.spi.reactors.AllConfinedStagedReactor.invoke(AllConfinedStagedReactor.java:79)
	at org.ops4j.pax.exam.junit.impl.ProbeRunner$2.evaluate(ProbeRunner.java:267)
	at org.junit.runners.BlockJUnit4ClassRunner$1.evaluate(BlockJUnit4ClassRunner.java:100)
	at org.junit.runners.ParentRunner.runLeaf(ParentRunner.java:366)
	at org.junit.runners.BlockJUnit4ClassRunner.runChild(BlockJUnit4ClassRunner.java:103)
	at org.junit.runners.BlockJUnit4ClassRunner.runChild(BlockJUnit4ClassRunner.java:63)
	at org.junit.runners.ParentRunner$4.run(ParentRunner.java:331)
	at org.junit.runners.ParentRunner$1.schedule(ParentRunner.java:79)
	at org.junit.runners.ParentRunner.runChildren(ParentRunner.java:329)
	at org.junit.runners.ParentRunner.access$100(ParentRunner.java:66)
	at org.junit.runners.ParentRunner$2.evaluate(ParentRunner.java:293)
	at org.junit.runners.ParentRunner.run(ParentRunner.java:413)
	at org.ops4j.pax.exam.junit.impl.ProbeRunner.run(ProbeRunner.java:98)
	at org.ops4j.pax.exam.junit.PaxExam.run(PaxExam.java:93)
	at org.junit.runner.JUnitCore.run(JUnitCore.java:137)
	at org.junit.runner.JUnitCore.run(JUnitCore.java:115)
	at org.junit.vintage.engine.execution.RunnerExecutor.execute(RunnerExecutor.java:42)
	at org.junit.vintage.engine.VintageTestEngine.executeAllChildren(VintageTestEngine.java:80)
	at org.junit.vintage.engine.VintageTestEngine.execute(VintageTestEngine.java:72)
	at org.junit.platform.launcher.core.EngineExecutionOrchestrator.execute(EngineExecutionOrchestrator.java:107)
	at org.junit.platform.launcher.core.EngineExecutionOrchestrator.execute(EngineExecutionOrchestrator.java:88)
	at org.junit.platform.launcher.core.EngineExecutionOrchestrator.lambda$execute$0(EngineExecutionOrchestrator.java:54)
	at org.junit.platform.launcher.core.EngineExecutionOrchestrator.withInterceptedStreams(EngineExecutionOrchestrator.java:67)
	at org.junit.platform.launcher.core.EngineExecutionOrchestrator.execute(EngineExecutionOrchestrator.java:52)
	at org.junit.platform.launcher.core.DefaultLauncher.execute(DefaultLauncher.java:114)
	at org.junit.platform.launcher.core.DefaultLauncher.execute(DefaultLauncher.java:86)
	at org.junit.platform.launcher.core.DefaultLauncherSession$DelegatingLauncher.execute(DefaultLauncherSession.java:86)
	at org.apache.maven.surefire.junitplatform.LazyLauncher.execute(LazyLauncher.java:55)
	at org.apache.maven.surefire.junitplatform.JUnitPlatformProvider.execute(JUnitPlatformProvider.java:223)
	at org.apache.maven.surefire.junitplatform.JUnitPlatformProvider.invokeAllTests(JUnitPlatformProvider.java:175)
	at org.apache.maven.surefire.junitplatform.JUnitPlatformProvider.invoke(JUnitPlatformProvider.java:139)
	at org.apache.maven.surefire.booter.ForkedBooter.runSuitesInProcess(ForkedBooter.java:456)
	at org.apache.maven.surefire.booter.ForkedBooter.execute(ForkedBooter.java:169)
	at org.apache.maven.surefire.booter.ForkedBooter.run(ForkedBooter.java:595)
	at org.apache.maven.surefire.booter.ForkedBooter.main(ForkedBooter.java:581)
]]></error>
    <system-out><![CDATA[TestProbeBuilder gets called
TestProbeBuilder gets called
]]></system-out>
    <system-err><![CDATA[SLF4J: Failed to load class "org.slf4j.impl.StaticLoggerBinder".
SLF4J: Defaulting to no-operation (NOP) logger implementation
SLF4J: See http://www.slf4j.org/codes.html#StaticLoggerBinder for further details.
]]></system-err>
  </testcase>
</testsuite>